1717025463929	geckodriver	INFO	Listening on 127.0.0.1:51579
1717025466915	mozrunner::runner	INFO	Running command: "C:\\Program Files\\Mozilla Firefox\\firefox.exe" "--marionette" "-no-remote" "-profile" "C:\\Users\\m260477\\AppData\\Local\\Temp\\rust_mozprofilejGMbcI"
console.warn: services.settings: Ignoring preference override of remote settings server
console.warn: services.settings: Allow by setting MOZ_REMOTE_SETTINGS_DEVTOOLS=1 in the environment
1717025467900	Marionette	INFO	Marionette enabled
Dynamically enable window occlusion 0
1717025468828	Marionette	INFO	Listening on port 51591
Read port: 51591
1717025469141	RemoteAgent	WARN	TLS certificate errors will be ignored for this session
console.warn: LoginRecipes: "Falling back to a synchronous message for: https://booknow.appointment-plus.com."
console.warn: LoginRecipes: "Falling back to a synchronous message for: https://booknow.appointment-plus.com."
1717025498069	addons.xpi	ERROR	System addon update list error SyntaxError: XMLHttpRequest.open: 'http://%(server)s/dummy-system-addons.xml' is not a valid URL.
1717025553826	Marionette	INFO	Stopped listening on port 51591
Dynamically enable window occlusion 1
ng command: "C:\\Program Files\\Mozilla Firefox\\firefox.exe" "--marionette" "-no-remote" "-profile" "C:\\Users\\m260477\\AppData\\Local\\Temp\\rust_mozprofileUP2YmQ"
console.warn: services.settings: Ignoring preference override of remote settings server
console.warn: services.settings: Allow by setting MOZ_REMOTE_SETTINGS_DEVTOOLS=1 in the environment
1717025552683	Marionette	INFO	Marionette enabled
Dynamically enable window occlusion 0
1717025552819	Marionette	INFO	Listening on port 51684
Read port: 51684
1717025553095	RemoteAgent	WARN	TLS certificate errors will be ignored for this session
console.warn: LoginRecipes: "Falling back to a synchronous message for: https://booknow.appointment-plus.com."
console.warn: LoginRecipes: "Falling back to a synchronous message for: https://booknow.appointment-plus.com."
1717025570095	Marionette	INFO	Stopped listening on port 51684
JavaScript warning: https://booknow.appointment-plus.com/ap_admin_v2/jquery.tools.min.js, line 38: Script terminated by timeout at:
tick@https://booknow.appointment-plus.com/ap_admin_v2/jquery.tools.min.js:38:23583

Dynamically enable window occlusion 1
1717025742796	geckodriver	INFO	Listening on 127.0.0.1:51770
1717025745778	mozrunner::runner	INFO	Running command: "C:\\Program Files\\Mozilla Firefox\\firefox.exe" "--marionette" "-no-remote" "-profile" "C:\\Users\\m260477\\AppData\\Local\\Temp\\rust_mozprofile2WABn1"
console.warn: services.settings: Ignoring preference override of remote settings server
console.warn: services.settings: Allow by setting MOZ_REMOTE_SETTINGS_DEVTOOLS=1 in the environment
1717025746552	Marionette	INFO	Marionette enabled
Dynamically enable window occlusion 0
1717025747381	Marionette	INFO	Listening on port 51780
Read port: 51780
1717025747662	RemoteAgent	WARN	TLS certificate errors will be ignored for this session
console.warn: LoginRecipes: "Falling back to a synchronous message for: https://booknow.appointment-plus.com."
console.warn: LoginRecipes: "Falling back to a synchronous message for: https://booknow.appointment-plus.com."
1717025761020	Marionette	INFO	Stopped listening on port 51780
JavaScript warning: https://booknow.appointment-plus.com/ap_admin_v2/jquery.tools.min.js, line 38: Script terminated by timeout at:
tick@https://booknow.appointment-plus.com/ap_admin_v2/jquery.tools.min.js:38:23583

Dynamically enable window occlusion 1
1717025783036	geckodriver	INFO	Listening on 127.0.0.1:51828
1717025786032	mozrunner::runner	INFO	Running command: "C:\\Program Files\\Mozilla Firefox\\firefox.exe" "--marionette" "-no-remote" "-profile" "C:\\Users\\m260477\\AppData\\Local\\Temp\\rust_mozprofile70Ndxv"
console.warn: services.settings: Ignoring preference override of remote settings server
console.warn: services.settings: Allow by setting MOZ_REMOTE_SETTINGS_DEVTOOLS=1 in the environment
1717025786785	Marionette	INFO	Marionette enabled
Dynamically enable window occlusion 0
1717025787621	Marionette	INFO	Listening on port 51839
Read port: 51839
1717025787929	RemoteAgent	WARN	TLS certificate errors will be ignored for this session
console.warn: LoginRecipes: "Falling back to a synchronous message for: https://booknow.appointment-plus.com."
console.warn: LoginRecipes: "Falling back to a synchronous message for: https://booknow.appointment-plus.com."
1717025802065	Marionette	INFO	Stopped listening on port 51839
JavaScript warning: https://booknow.appointment-plus.com/ap_admin_v2/jquery.tools.min.js, line 38: Script terminated by timeout at:
tick@https://booknow.appointment-plus.com/ap_admin_v2/jquery.tools.min.js:38:23583

Dynamically enable window occlusion 1
1717025841892	geckodriver	INFO	Listening on 127.0.0.1:51900
1717025844867	mozrunner::runner	INFO	Running command: "C:\\Program Files\\Mozilla Firefox\\firefox.exe" "--marionette" "-no-remote" "-profile" "C:\\Users\\m260477\\AppData\\Local\\Temp\\rust_mozprofileiDCuyM"
console.warn: services.settings: Ignoring preference override of remote settings server
console.warn: services.settings: Allow by setting MOZ_REMOTE_SETTINGS_DEVTOOLS=1 in the environment
1717025845640	Marionette	INFO	Marionette enabled
Dynamically enable window occlusion 0
1717025846498	Marionette	INFO	Listening on port 51910
Read port: 51910
1717025846844	RemoteAgent	WARN	TLS certificate errors will be ignored for this session
console.warn: LoginRecipes: "Falling back to a synchronous message for: https://booknow.appointment-plus.com."
console.warn: LoginRecipes: "Falling back to a synchronous message for: https://booknow.appointment-plus.com."
1717025860324	Marionette	INFO	Stopped listening on port 51910
JavaScript warning: https://booknow.appointment-plus.com/ap_admin_v2/jquery.tools.min.js, line 38: Script terminated by timeout at:
tick@https://booknow.appointment-plus.com/ap_admin_v2/jquery.tools.min.js:38:23583

Dynamically enable window occlusion 1
1717026179778	geckodriver	INFO	Listening on 127.0.0.1:53218
1717026182792	mozrunner::runner	INFO	Running command: "C:\\Program Files\\Mozilla Firefox\\firefox.exe" "--marionette" "-no-remote" "-profile" "C:\\Users\\m260477\\AppData\\Local\\Temp\\rust_mozprofileU6tCFS"
console.error: WindowsGPOParser: 
  Unable to parse JSON for Preferences
console.warn: services.settings: Ignoring preference override of remote settings server
console.warn: services.settings: Allow by setting MOZ_REMOTE_SETTINGS_DEVTOOLS=1 in the environment
1717026183650	Marionette	INFO	Marionette enabled
Dynamically enable window occlusion 0
1717026183858	Marionette	INFO	Listening on port 53228
Read port: 53228
1717026184160	RemoteAgent	WARN	TLS certificate errors will be ignored for this session
1717026186220	Marionette	INFO	Stopped listening on port 53228
Dynamically enable window occlusion 1
JavaScript error: chrome://remote/content/marionette/cert.sys.mjs, line 47: NS_ERROR_NOT_AVAILABLE: Component returned failure code: 0x80040111 (NS_ERROR_NOT_AVAILABLE) [nsICertOverrideService.setDisableAllSecurityChecksAndLetAttackersInterceptMyData]
1717026224997	geckodriver	INFO	Listening on 127.0.0.1:53252
1717026275263	geckodriver	INFO	Listening on 127.0.0.1:53606
1717026286061	geckodriver	INFO	Listening on 127.0.0.1:53613
1717026359865	geckodriver	INFO	Listening on 127.0.0.1:53684
1717026436834	geckodriver	INFO	Listening on 127.0.0.1:53731
1717026554070	geckodriver	INFO	Listening on 127.0.0.1:53809
1717026557047	mozrunner::runner	INFO	Running command: "C:\\Program Files\\Mozilla Firefox\\firefox.exe" "--marionette" "-no-remote" "-profile" "C:\\Users\\m260477\\AppData\\Local\\Temp\\rust_mozprofileE78xIM"
console.error: WindowsGPOParser: 
  Unable to parse JSON for Preferences
console.warn: services.settings: Ignoring preference override of remote settings server
console.warn: services.settings: Allow by setting MOZ_REMOTE_SETTINGS_DEVTOOLS=1 in the environment
1717026557900	Marionette	INFO	Marionette enabled
Dynamically enable window occlusion 0
1717026558161	Marionette	INFO	Listening on port 53819
Read port: 53819
1717026558416	RemoteAgent	WARN	TLS certificate errors will be ignored for this session
1717026560332	Marionette	INFO	Stopped listening on port 53819
Dynamically enable window occlusion 1
1717026572322	geckodriver	INFO	Listening on 127.0.0.1:53848
1717026575356	mozrunner::runner	INFO	Running command: "C:\\Program Files\\Mozilla Firefox\\firefox.exe" "--marionette" "-no-remote" "-profile" "C:\\Users\\m260477\\AppData\\Local\\Temp\\rust_mozprofiletMDncq"
console.error: WindowsGPOParser: 
  Unable to parse JSON for Preferences
console.warn: services.settings: Ignoring preference override of remote settings server
console.warn: services.settings: Allow by setting MOZ_REMOTE_SETTINGS_DEVTOOLS=1 in the environment
1717026576142	Marionette	INFO	Marionette enabled
Dynamically enable window occlusion 0
1717026576320	Marionette	INFO	Listening on port 53858
Read port: 53858
1717026576569	RemoteAgent	WARN	TLS certificate errors will be ignored for this session
1717026578474	Marionette	INFO	Stopped listening on port 53858
Dynamically enable window occlusion 1
1717026594730	geckodriver	INFO	Listening on 127.0.0.1:53875
1717026597726	mozrunner::runner	INFO	Running command: "C:\\Program Files\\Mozilla Firefox\\firefox.exe" "--marionette" "-no-remote" "-profile" "C:\\Users\\m260477\\AppData\\Local\\Temp\\rust_mozprofileIrDVSS"
console.error: WindowsGPOParser: 
  Unable to parse JSON for Preferences
console.warn: services.settings: Ignoring preference override of remote settings server
console.warn: services.settings: Allow by setting MOZ_REMOTE_SETTINGS_DEVTOOLS=1 in the environment
1717026598584	Marionette	INFO	Marionette enabled
Dynamically enable window occlusion 0
1717026598794	Marionette	INFO	Listening on port 53885
Read port: 53885
1717026599080	RemoteAgent	WARN	TLS certificate errors will be ignored for this session
console.warn: LoginRecipes: "Falling back to a synchronous message for: https://booknow.appointment-plus.com."
console.warn: LoginRecipes: "Falling back to a synchronous message for: https://booknow.appointment-plus.com."
1717026612585	Marionette	INFO	Stopped listening on port 53885
JavaScript warning: https://booknow.appointment-plus.com/ap_admin_v2/jquery.tools.min.js, line 36: Script terminated by timeout at:
ct@https://booknow.appointment-plus.com/ap_admin_v2/jquery.tools.min.js:36:696

Dynamically enable window occlusion 1
1717026637818	geckodriver	INFO	Listening on 127.0.0.1:54020
1717026640824	mozrunner::runner	INFO	Running command: "C:\\Program Files\\Mozilla Firefox\\firefox.exe" "--marionette" "-no-remote" "-profile" "C:\\Users\\m260477\\AppData\\Local\\Temp\\rust_mozprofilehuPlkG"
console.error: WindowsGPOParser: 
  Unable to parse JSON for Preferences
console.warn: services.settings: Ignoring preference override of remote settings server
console.warn: services.settings: Allow by setting MOZ_REMOTE_SETTINGS_DEVTOOLS=1 in the environment
1717026641611	Marionette	INFO	Marionette enabled
Dynamically enable window occlusion 0
1717026641816	Marionette	INFO	Listening on port 54030
Read port: 54030
1717026642100	RemoteAgent	WARN	TLS certificate errors will be ignored for this session
console.warn: LoginRecipes: "Falling back to a synchronous message for: https://booknow.appointment-plus.com."
console.warn: LoginRecipes: "Falling back to a synchronous message for: https://booknow.appointment-plus.com."
1717026655549	Marionette	INFO	Stopped listening on port 54030
JavaScript warning: https://booknow.appointment-plus.com/ap_admin_v2/jquery.tools.min.js, line 38: Script terminated by timeout at:
tick@https://booknow.appointment-plus.com/ap_admin_v2/jquery.tools.min.js:38:23583

Dynamically enable window occlusion 1
1717026681839	geckodriver	INFO	Listening on 127.0.0.1:54087
1717026684876	mozrunner::runner	INFO	Running command: "C:\\Program Files\\Mozilla Firefox\\firefox.exe" "--marionette" "-no-remote" "-profile" "C:\\Users\\m260477\\AppData\\Local\\Temp\\rust_mozprofile1PNkBc"
console.error: WindowsGPOParser: 
  Unable to parse JSON for Preferences
console.warn: services.settings: Ignoring preference override of remote settings server
console.warn: services.settings: Allow by setting MOZ_REMOTE_SETTINGS_DEVTOOLS=1 in the environment
1717026685645	Marionette	INFO	Marionette enabled
Dynamically enable window occlusion 0
1717026685848	Marionette	INFO	Listening on port 54097
Read port: 54097
1717026686132	RemoteAgent	WARN	TLS certificate errors will be ignored for this session
console.warn: LoginRecipes: "Falling back to a synchronous message for: https://booknow.appointment-plus.com."
console.warn: LoginRecipes: "Falling back to a synchronous message for: https://booknow.appointment-plus.com."
1717026699108	Marionette	INFO	Stopped listening on port 54097
JavaScript warning: https://booknow.appointment-plus.com/ap_admin_v2/jquery.tools.min.js, line 38: Script terminated by timeout at:
tick@https://booknow.appointment-plus.com/ap_admin_v2/jquery.tools.min.js:38:23583

Dynamically enable window occlusion 1
1717027207933	geckodriver	INFO	Listening on 127.0.0.1:54276
1717027210911	mozrunner::runner	INFO	Running command: "C:\\Program Files\\Mozilla Firefox\\firefox.exe" "--marionette" "-no-remote" "-profile" "C:\\Users\\m260477\\AppData\\Local\\Temp\\rust_mozprofile03kY1O"
console.error: WindowsGPOParser: 
  Unable to parse JSON for Preferences
console.warn: services.settings: Ignoring preference override of remote settings server
console.warn: services.settings: Allow by setting MOZ_REMOTE_SETTINGS_DEVTOOLS=1 in the environment
1717027211696	Marionette	INFO	Marionette enabled
Dynamically enable window occlusion 0
1717027211901	Marionette	INFO	Listening on port 54287
Read port: 54287
1717027212184	RemoteAgent	WARN	TLS certificate errors will be ignored for this session
console.warn: LoginRecipes: "Falling back to a synchronous message for: https://booknow.appointment-plus.com."
console.warn: LoginRecipes: "Falling back to a synchronous message for: https://booknow.appointment-plus.com."
1717027226026	Marionette	INFO	Stopped listening on port 54287
JavaScript warning: https://booknow.appointment-plus.com/ap_admin_v2/jquery.tools.min.js, line 38: Script terminated by timeout at:
tick@https://booknow.appointment-plus.com/ap_admin_v2/jquery.tools.min.js:38:23583

Dynamically enable window occlusion 1
1717027330215	geckodriver	INFO	Listening on 127.0.0.1:54579
1717027370398	geckodriver	INFO	Listening on 127.0.0.1:54752
1717027427729	geckodriver	INFO	Listening on 127.0.0.1:54767
1717027561423	geckodriver	INFO	Listening on 127.0.0.1:54794
1717027564445	mozrunner::runner	INFO	Running command: "C:\\Program Files\\Mozilla Firefox\\firefox.exe" "--marionette" "-no-remote" "-profile" "C:\\Users\\m260477\\AppData\\Local\\Temp\\rust_mozprofilekHZwNW"
console.error: WindowsGPOParser: 
  Unable to parse JSON for Preferences
console.warn: services.settings: Ignoring preference override of remote settings server
console.warn: services.settings: Allow by setting MOZ_REMOTE_SETTINGS_DEVTOOLS=1 in the environment
1717027565258	Marionette	INFO	Marionette enabled
Dynamically enable window occlusion 0
1717027565459	Marionette	INFO	Listening on port 54804
Read port: 54804
1717027565748	RemoteAgent	WARN	TLS certificate errors will be ignored for this session
console.warn: LoginRecipes: "Falling back to a synchronous message for: https://booknow.appointment-plus.com."
console.warn: LoginRecipes: "Falling back to a synchronous message for: https://booknow.appointment-plus.com."
1717027578306	Marionette	INFO	Stopped listening on port 54804
JavaScript warning: https://booknow.appointment-plus.com/ap_admin_v2/jquery.tools.min.js, line 38: Script terminated by timeout at:
tick@https://booknow.appointment-plus.com/ap_admin_v2/jquery.tools.min.js:38:23583

Dynamically enable window occlusion 1
1717027618453	geckodriver	INFO	Listening on 127.0.0.1:54924
1717027621464	mozrunner::runner	INFO	Running command: "C:\\Program Files\\Mozilla Firefox\\firefox.exe" "--marionette" "-no-remote" "-profile" "C:\\Users\\m260477\\AppData\\Local\\Temp\\rust_mozprofileZEoMED"
console.error: WindowsGPOParser: 
  Unable to parse JSON for Preferences
console.warn: services.settings: Ignoring preference override of remote settings server
console.warn: services.settings: Allow by setting MOZ_REMOTE_SETTINGS_DEVTOOLS=1 in the environment
1717027622235	Marionette	INFO	Marionette enabled
Dynamically enable window occlusion 0
1717027622428	Marionette	INFO	Listening on port 54934
Read port: 54934
1717027622713	RemoteAgent	WARN	TLS certificate errors will be ignored for this session
console.warn: LoginRecipes: "Falling back to a synchronous message for: https://booknow.appointment-plus.com."
console.warn: LoginRecipes: "Falling back to a synchronous message for: https://booknow.appointment-plus.com."
1717027642385	Marionette	INFO	Stopped listening on port 54934
JavaScript warning: https://booknow.appointment-plus.com/ap_admin_v2/jquery.tools.min.js, line 38: Script terminated by timeout at:
tick@https://booknow.appointment-plus.com/ap_admin_v2/jquery.tools.min.js:38:23583

Dynamically enable window occlusion 1
1717027668272	geckodriver	INFO	Listening on 127.0.0.1:55012
1717027671278	mozrunner::runner	INFO	Running command: "C:\\Program Files\\Mozilla Firefox\\firefox.exe" "--marionette" "-no-remote" "-profile" "C:\\Users\\m260477\\AppData\\Local\\Temp\\rust_mozprofilekJQEbA"
console.error: WindowsGPOParser: 
  Unable to parse JSON for Preferences
console.warn: services.settings: Ignoring preference override of remote settings server
console.warn: services.settings: Allow by setting MOZ_REMOTE_SETTINGS_DEVTOOLS=1 in the environment
1717027672040	Marionette	INFO	Marionette enabled
Dynamically enable window occlusion 0
1717027672234	Marionette	INFO	Listening on port 55022
Read port: 55022
1717027672495	RemoteAgent	WARN	TLS certificate errors will be ignored for this session
console.warn: LoginRecipes: "Falling back to a synchronous message for: https://booknow.appointment-plus.com."
console.warn: LoginRecipes: "Falling back to a synchronous message for: https://booknow.appointment-plus.com."
1717027688293	Marionette	INFO	Stopped listening on port 55022
JavaScript warning: https://booknow.appointment-plus.com/ap_admin_v2/jquery.tools.min.js, line 36: Script terminated by timeout at:
ct@https://booknow.appointment-plus.com/ap_admin_v2/jquery.tools.min.js:36:696

Dynamically enable window occlusion 1
1717028136348	geckodriver	INFO	Listening on 127.0.0.1:60658
1717028145999	geckodriver	INFO	Listening on 127.0.0.1:60760
1717028148999	mozrunner::runner	INFO	Running command: "C:\\Program Files\\Mozilla Firefox\\firefox.exe" "--marionette" "-no-remote" "-profile" "C:\\Users\\m260477\\AppData\\Local\\Temp\\rust_mozprofileahulno"
console.error: WindowsGPOParser: 
  Unable to parse JSON for Preferences
console.warn: services.settings: Ignoring preference override of remote settings server
console.warn: services.settings: Allow by setting MOZ_REMOTE_SETTINGS_DEVTOOLS=1 in the environment
1717028149789	Marionette	INFO	Marionette enabled
Dynamically enable window occlusion 0
1717028149993	Marionette	INFO	Listening on port 60775
Read port: 60775
1717028150282	RemoteAgent	WARN	TLS certificate errors will be ignored for this session
[GFX1-]: CompositorBridgeChild receives IPC close with reason=AbnormalShutdown
Exiting due to channel error.
Exiting due to channel error.
1717028186689	geckodriver	INFO	Listening on 127.0.0.1:60989
1717028189689	mozrunner::runner	INFO	Running command: "C:\\Program Files\\Mozilla Firefox\\firefox.exe" "--marionette" "-no-remote" "-profile" "C:\\Users\\m260477\\AppData\\Local\\Temp\\rust_mozprofile3EBbFA"
console.error: WindowsGPOParser: 
  Unable to parse JSON for Preferences
console.warn: services.settings: Ignoring preference override of remote settings server
console.warn: services.settings: Allow by setting MOZ_REMOTE_SETTINGS_DEVTOOLS=1 in the environment
1717028190510	Marionette	INFO	Marionette enabled
Dynamically enable window occlusion 0
1717028190711	Marionette	INFO	Listening on port 61000
Read port: 61000
1717028190993	RemoteAgent	WARN	TLS certificate errors will be ignored for this session
1717028193259	Marionette	INFO	Stopped listening on port 61000
Dynamically enable window occlusion 1
JavaScript error: chrome://remote/content/marionette/cert.sys.mjs, line 47: NS_ERROR_NOT_AVAILABLE: Component returned failure code: 0x80040111 (NS_ERROR_NOT_AVAILABLE) [nsICertOverrideService.setDisableAllSecurityChecksAndLetAttackersInterceptMyData]
Exiting due to channel error.
Exiting due to channel error.
1717028215173	geckodriver	INFO	Listening on 127.0.0.1:61059
1717028218160	mozrunner::runner	INFO	Running command: "C:\\Program Files\\Mozilla Firefox\\firefox.exe" "--marionette" "-no-remote" "-profile" "C:\\Users\\m260477\\AppData\\Local\\Temp\\rust_mozprofileypoiag"
console.error: WindowsGPOParser: 
  Unable to parse JSON for Preferences
console.warn: services.settings: Ignoring preference override of remote settings server
console.warn: services.settings: Allow by setting MOZ_REMOTE_SETTINGS_DEVTOOLS=1 in the environment
1717028219021	Marionette	INFO	Marionette enabled
Dynamically enable window occlusion 0
1717028219212	Marionette	INFO	Listening on port 61083
Read port: 61083
1717028219486	RemoteAgent	WARN	TLS certificate errors will be ignored for this session
1717028221294	Marionette	INFO	Stopped listening on port 61083
Dynamically enable window occlusion 1
console.error: "Could not load engine bing@search.mozilla.org: Error: XPIProvider can't start bootstrap scope for bing@search.mozilla.org after shutdown was already granted"
console.error: "Could not load engine ddg@search.mozilla.org: Error: XPIProvider can't start bootstrap scope for ddg@search.mozilla.org after shutdown was already granted"
console.error: WebExtensions: 
  Message: [Exception... "#init: abandoning init due to shutting down"  nsresult: "0x80004004 (NS_ERROR_ABORT)"  location: "JS frame :: resource://gre/modules/SearchService.sys.mjs :: #init :: line 1401"  data: no]
  Stack:
    #init@resource://gre/modules/SearchService.sys.mjs:1401:27

JavaScript error: resource://gre/modules/SearchService.sys.mjs, line 1401: NS_ERROR_ABORT: #init: abandoning init due to shutting down
JavaScript error: resource://gre/modules/SearchService.sys.mjs, line 1401: NS_ERROR_ABORT: #init: abandoning init due to shutting down
JavaScript error: resource://gre/modules/SearchService.sys.mjs, line 1401: NS_ERROR_ABORT: #init: abandoning init due to shutting down
JavaScript error: resource://gre/modules/SearchService.sys.mjs, line 1279: Error: SearchService failed while it was initializing.
JavaScript error: resource://activity-stream/lib/TopSitesFeed.sys.mjs, line 134: NS_ERROR_XPC_JAVASCRIPT_ERROR_WITH_DETAILS: [JavaScript Error: "SearchService failed while it was initializing." {file: "resource://gre/modules/SearchService.sys.mjs" line: 1279}]'[JavaScript Error: "SearchService failed while it was initializing." {file: "resource://gre/modules/SearchService.sys.mjs" line: 1279}]' when calling method: [nsISearchService::defaultEngine]
1717028276587	geckodriver	INFO	Listening on 127.0.0.1:61364
1717028279620	mozrunner::runner	INFO	Running command: "C:\\Program Files\\Mozilla Firefox\\firefox.exe" "--marionette" "-no-remote" "-profile" "C:\\Users\\m260477\\AppData\\Local\\Temp\\rust_mozprofile4zNKzm"
console.error: WindowsGPOParser: 
  Unable to parse JSON for Preferences
console.warn: services.settings: Ignoring preference override of remote settings server
console.warn: services.settings: Allow by setting MOZ_REMOTE_SETTINGS_DEVTOOLS=1 in the environment
1717028280439	Marionette	INFO	Marionette enabled
Dynamically enable window occlusion 0
1717028280649	Marionette	INFO	Listening on port 61379
Read port: 61379
1717028280958	RemoteAgent	WARN	TLS certificate errors will be ignored for this session
1717028283174	Marionette	INFO	Stopped listening on port 61379
Dynamically enable window occlusion 1
1717028296218	geckodriver	INFO	Listening on 127.0.0.1:61423
1717028299222	mozrunner::runner	INFO	Running command: "C:\\Program Files\\Mozilla Firefox\\firefox.exe" "--marionette" "-no-remote" "-profile" "C:\\Users\\m260477\\AppData\\Local\\Temp\\rust_mozprofileBTLYDk"
console.error: WindowsGPOParser: 
  Unable to parse JSON for Preferences
console.warn: services.settings: Ignoring preference override of remote settings server
console.warn: services.settings: Allow by setting MOZ_REMOTE_SETTINGS_DEVTOOLS=1 in the environment
1717028300035	Marionette	INFO	Marionette enabled
Dynamically enable window occlusion 0
1717028300241	Marionette	INFO	Listening on port 61456
Read port: 61456
1717028300606	RemoteAgent	WARN	TLS certificate errors will be ignored for this session
1717028302511	Marionette	INFO	Stopped listening on port 61456
Dynamically enable window occlusion 1
1717028639924	geckodriver	INFO	Listening on 127.0.0.1:61837
1717028642922	mozrunner::runner	INFO	Running command: "C:\\Program Files\\Mozilla Firefox\\firefox.exe" "--marionette" "-no-remote" "-profile" "C:\\Users\\m260477\\AppData\\Local\\Temp\\rust_mozprofilefzoYOR"
console.error: WindowsGPOParser: 
  Unable to parse JSON for Preferences
console.warn: services.settings: Ignoring preference override of remote settings server
console.warn: services.settings: Allow by setting MOZ_REMOTE_SETTINGS_DEVTOOLS=1 in the environment
1717028643692	Marionette	INFO	Marionette enabled
Dynamically enable window occlusion 0
1717028643881	Marionette	INFO	Listening on port 61847
Read port: 61847
1717028644241	RemoteAgent	WARN	TLS certificate errors will be ignored for this session
console.warn: LoginRecipes: "Falling back to a synchronous message for: https://booknow.appointment-plus.com."
console.warn: LoginRecipes: "Falling back to a synchronous message for: https://booknow.appointment-plus.com."
1717028662306	Marionette	INFO	Stopped listening on port 61847
JavaScript warning: https://booknow.appointment-plus.com/ap_admin_v2/jquery.tools.min.js, line 38: Script terminated by timeout at:
tick@https://booknow.appointment-plus.com/ap_admin_v2/jquery.tools.min.js:38:23583

Dynamically enable window occlusion 1
1717028699766	geckodriver	INFO	Listening on 127.0.0.1:62046
1717028702765	mozrunner::runner	INFO	Running command: "C:\\Program Files\\Mozilla Firefox\\firefox.exe" "--marionette" "-no-remote" "-profile" "C:\\Users\\m260477\\AppData\\Local\\Temp\\rust_mozprofile1bATJ9"
console.error: WindowsGPOParser: 
  Unable to parse JSON for Preferences
console.warn: services.settings: Ignoring preference override of remote settings server
console.warn: services.settings: Allow by setting MOZ_REMOTE_SETTINGS_DEVTOOLS=1 in the environment
1717028703533	Marionette	INFO	Marionette enabled
Dynamically enable window occlusion 0
1717028703713	Marionette	INFO	Listening on port 62056
Read port: 62056
1717028703967	RemoteAgent	WARN	TLS certificate errors will be ignored for this session
console.warn: LoginRecipes: "Falling back to a synchronous message for: https://booknow.appointment-plus.com."
console.warn: LoginRecipes: "Falling back to a synchronous message for: https://booknow.appointment-plus.com."
1717028719713	Marionette	INFO	Stopped listening on port 62056
JavaScript warning: https://booknow.appointment-plus.com/ap_admin_v2/jquery.tools.min.js, line 36: Script terminated by timeout at:
ct@https://booknow.appointment-plus.com/ap_admin_v2/jquery.tools.min.js:36:692

Dynamically enable window occlusion 1
1717028786459	geckodriver	INFO	Listening on 127.0.0.1:62188
1717028789488	mozrunner::runner	INFO	Running command: "C:\\Program Files\\Mozilla Firefox\\firefox.exe" "--marionette" "-no-remote" "-profile" "C:\\Users\\m260477\\AppData\\Local\\Temp\\rust_mozprofileJuuR7a"
console.error: WindowsGPOParser: 
  Unable to parse JSON for Preferences
console.warn: services.settings: Ignoring preference override of remote settings server
console.warn: services.settings: Allow by setting MOZ_REMOTE_SETTINGS_DEVTOOLS=1 in the environment
1717028790228	Marionette	INFO	Marionette enabled
Dynamically enable window occlusion 0
1717028790421	Marionette	INFO	Listening on port 62202
Read port: 62202
1717028790691	RemoteAgent	WARN	TLS certificate errors will be ignored for this session
console.warn: LoginRecipes: "Falling back to a synchronous message for: https://booknow.appointment-plus.com."
console.warn: LoginRecipes: "Falling back to a synchronous message for: https://booknow.appointment-plus.com."
1717028803267	Marionette	INFO	Stopped listening on port 62202
JavaScript warning: https://booknow.appointment-plus.com/ap_admin_v2/jquery.tools.min.js, line 38: Script terminated by timeout at:
tick@https://booknow.appointment-plus.com/ap_admin_v2/jquery.tools.min.js:38:23583

Dynamically enable window occlusion 1
1717028842297	geckodriver	INFO	Listening on 127.0.0.1:62303
1717028845323	mozrunner::runner	INFO	Running command: "C:\\Program Files\\Mozilla Firefox\\firefox.exe" "--marionette" "-no-remote" "-profile" "C:\\Users\\m260477\\AppData\\Local\\Temp\\rust_mozprofilelTjIit"
console.error: WindowsGPOParser: 
  Unable to parse JSON for Preferences
console.warn: services.settings: Ignoring preference override of remote settings server
console.warn: services.settings: Allow by setting MOZ_REMOTE_SETTINGS_DEVTOOLS=1 in the environment
1717028846110	Marionette	INFO	Marionette enabled
Dynamically enable window occlusion 0
1717028846310	Marionette	INFO	Listening on port 62313
Read port: 62313
1717028846593	RemoteAgent	WARN	TLS certificate errors will be ignored for this session
console.error: (new TypeError("NetworkError: Network request failed", "resource://services-settings/Utils.sys.mjs", 236))
console.error: (new TypeError("NetworkError: Network request failed", "resource://services-settings/Utils.sys.mjs", 236))
1717028848773	Marionette	WARN	Ignoring event 'pageshow' because document has an invalid readyState of 'uninitialized'.
1717028849001	Marionette	INFO	Stopped listening on port 62313
Dynamically enable window occlusion 1
1717028998700	geckodriver	INFO	Listening on 127.0.0.1:62472
1717029001684	mozrunner::runner	INFO	Running command: "C:\\Program Files\\Mozilla Firefox\\firefox.exe" "--marionette" "-no-remote" "-profile" "C:\\Users\\m260477\\AppData\\Local\\Temp\\rust_mozprofileuB2yIl"
console.error: WindowsGPOParser: 
  Unable to parse JSON for Preferences
console.warn: services.settings: Ignoring preference override of remote settings server
console.warn: services.settings: Allow by setting MOZ_REMOTE_SETTINGS_DEVTOOLS=1 in the environment
1717029002500	Marionette	INFO	Marionette enabled
Dynamically enable window occlusion 0
1717029002687	Marionette	INFO	Listening on port 62491
Read port: 62491
1717029002859	RemoteAgent	WARN	TLS certificate errors will be ignored for this session
console.warn: LoginRecipes: "Falling back to a synchronous message for: https://booknow.appointment-plus.com."
console.warn: LoginRecipes: "Falling back to a synchronous message for: https://booknow.appointment-plus.com."
1717029016379	Marionette	INFO	Stopped listening on port 62491
JavaScript warning: https://booknow.appointment-plus.com/ap_admin_v2/jquery.tools.min.js, line 38: Script terminated by timeout at:
tick@https://booknow.appointment-plus.com/ap_admin_v2/jquery.tools.min.js:38:23583

Dynamically enable window occlusion 1
1717029154288	geckodriver	INFO	Listening on 127.0.0.1:62707
1717029157276	mozrunner::runner	INFO	Running command: "C:\\Program Files\\Mozilla Firefox\\firefox.exe" "--marionette" "-no-remote" "-profile" "C:\\Users\\m260477\\AppData\\Local\\Temp\\rust_mozprofileqrPsRc"
console.error: WindowsGPOParser: 
  Unable to parse JSON for Preferences
console.warn: services.settings: Ignoring preference override of remote settings server
console.warn: services.settings: Allow by setting MOZ_REMOTE_SETTINGS_DEVTOOLS=1 in the environment
1717029158111	Marionette	INFO	Marionette enabled
Dynamically enable window occlusion 0
1717029158302	Marionette	INFO	Listening on port 62719
Read port: 62719
1717029158581	RemoteAgent	WARN	TLS certificate errors will be ignored for this session
console.warn: LoginRecipes: "Falling back to a synchronous message for: https://booknow.appointment-plus.com."
console.warn: LoginRecipes: "Falling back to a synchronous message for: https://booknow.appointment-plus.com."
1717029171099	Marionette	INFO	Stopped listening on port 62719
JavaScript warning: https://booknow.appointment-plus.com/ap_admin_v2/jquery.tools.min.js, line 38: Script terminated by timeout at:
tick@https://booknow.appointment-plus.com/ap_admin_v2/jquery.tools.min.js:38:23583

Dynamically enable window occlusion 1
